[{"Start":"HtmlBlock"},{"Html":"<pre><code class=\"hljs hide-boring\"><span style='color:var(--cyan,#0aa)'>digital ❯</span> <b>cargo build -q</b>\n<b><span style='color:#f55'>error</span></b><b>: cannot find derive macro `Digital` in this scope</b>\n <b><span style='color:#55f'>--> </span></b>src/state.rs:1:34\n  <b><span style='color:#55f'>|</span></b>\n<b><span style='color:#55f'>1</span></b> <b><span style='color:#55f'>|</span></b> #[derive(PartialEq, Clone, Copy, Digital, Default)]\n  <b><span style='color:#55f'>|</span></b>                                  <b><span style='color:#f55'>^^^^^^^</span></b>\n  <b><span style='color:#55f'>|</span></b>\n<b><span style='color:#5ff'>help</span></b>: consider importing this derive macro\n  <b><span style='color:#55f'>|</span></b>\n<b><span style='color:#55f'>1</span></b> <span style='color:#5f5'>+ use rhdl::prelude::Digital;</span>\n  <b><span style='color:#55f'>|</span></b>\n\n<b><span style='color:#f55'>error[E0412]</span></b><b>: cannot find type `b8` in this scope</b>\n <b><span style='color:#55f'>--> </span></b>src/state.rs:4:16\n  <b><span style='color:#55f'>|</span></b>\n<b><span style='color:#55f'>4</span></b> <b><span style='color:#55f'>|</span></b>     Processing(b8),\n  <b><span style='color:#55f'>|</span></b>                <b><span style='color:#f55'>^^</span></b>\n  <b><span style='color:#55f'>|</span></b>\n<b><span style='color:#5ff'>help</span></b>: a builtin type with a similar name exists\n  <b><span style='color:#55f'>|</span></b>\n<b><span style='color:#55f'>4</span></b> <span style='color:#f55'>- </span>    Processing(<span style='color:#f55'>b8</span>),\n<b><span style='color:#55f'>4</span></b> <span style='color:#5f5'>+ </span>    Processing(<span style='color:#5f5'>i8</span>),\n  <b><span style='color:#55f'>|</span></b>\n<b><span style='color:#5ff'>help</span></b>: consider importing this type alias\n  <b><span style='color:#55f'>|</span></b>\n<b><span style='color:#55f'>1</span></b> <span style='color:#5f5'>+ use rhdl::prelude::b8;</span>\n  <b><span style='color:#55f'>|</span></b>\n\n<b><span style='color:#f55'>error[E0412]</span></b><b>: cannot find type `b1` in this scope</b>\n <b><span style='color:#55f'>--> </span></b>src/state.rs:5:13\n  <b><span style='color:#55f'>|</span></b>\n<b><span style='color:#55f'>5</span></b> <b><span style='color:#55f'>|</span></b>     Sending(b1),\n  <b><span style='color:#55f'>|</span></b>             <b><span style='color:#f55'>^^</span></b> <b><span style='color:#f55'>not found in this scope</span></b>\n  <b><span style='color:#55f'>|</span></b>\n<b><span style='color:#5ff'>help</span></b>: consider importing this type alias\n  <b><span style='color:#55f'>|</span></b>\n<b><span style='color:#55f'>1</span></b> <span style='color:#5f5'>+ use rhdl::prelude::b1;</span>\n  <b><span style='color:#55f'>|</span></b>\n\n<b>For more information about this error, try `rustc --explain E0412`.</b>\n<b><span style='color:var(--red,#a00)'>error</span></b><b>:</b> could not compile `digital` (lib) due to 3 previous errors\n<span style='color:var(--cyan,#0aa)'>digital ❯</span> <b>cargo nextest run</b>\n<b><span style='color:var(--cyan,#0aa)'>    Blocking</span></b> waiting for file lock on package cache\n<b><span style='color:var(--cyan,#0aa)'>    Blocking</span></b> waiting for file lock on package cache\n<b><span style='color:var(--cyan,#0aa)'>    Blocking</span></b> waiting for file lock on package cache\n<b><span style='color:var(--green,#0a0)'>   Compiling</span></b> digital v0.1.0 (/private/tmp/rhdl/digital)\n<b><span style='color:#f55'>error</span></b><b>: cannot find derive macro `Digital` in this scope</b>\n <b><span style='color:#55f'>--> </span></b>src/state.rs:1:34\n  <b><span style='color:#55f'>|</span></b>\n<b><span style='color:#55f'>1</span></b> <b><span style='color:#55f'>|</span></b> #[derive(PartialEq, Clone, Copy, Digital, Default)]\n  <b><span style='color:#55f'>|</span></b>                                  <b><span style='color:#f55'>^^^^^^^</span></b>\n  <b><span style='color:#55f'>|</span></b>\n<b><span style='color:#5ff'>help</span></b>: consider importing this derive macro\n  <b><span style='color:#55f'>|</span></b>\n<b><span style='color:#55f'>1</span></b> <span style='color:#5f5'>+ use rhdl::prelude::Digital;</span>\n  <b><span style='color:#55f'>|</span></b>\n\n<b><span style='color:#f55'>error[E0412]</span></b><b>: cannot find type `b8` in this scope</b>\n <b><span style='color:#55f'>--> </span></b>src/state.rs:4:16\n  <b><span style='color:#55f'>|</span></b>\n<b><span style='color:#55f'>4</span></b> <b><span style='color:#55f'>|</span></b>     Processing(b8),\n  <b><span style='color:#55f'>|</span></b>                <b><span style='color:#f55'>^^</span></b>\n  <b><span style='color:#55f'>|</span></b>\n<b><span style='color:#5ff'>help</span></b>: a builtin type with a similar name exists\n  <b><span style='color:#55f'>|</span></b>\n<b><span style='color:#55f'>4</span></b> <span style='color:#f55'>- </span>    Processing(<span style='color:#f55'>b8</span>),\n<b><span style='color:#55f'>4</span></b> <span style='color:#5f5'>+ </span>    Processing(<span style='color:#5f5'>i8</span>),\n  <b><span style='color:#55f'>|</span></b>\n<b><span style='color:#5ff'>help</span></b>: consider importing this type alias\n  <b><span style='color:#55f'>|</span></b>\n<b><span style='color:#55f'>1</span></b> <span style='color:#5f5'>+ use rhdl::prelude::b8;</span>\n  <b><span style='color:#55f'>|</span></b>\n\n<b><span style='color:#f55'>error[E0412]</span></b><b>: cannot find type `b1` in this scope</b>\n <b><span style='color:#55f'>--> </span></b>src/state.rs:5:13\n  <b><span style='color:#55f'>|</span></b>\n<b><span style='color:#55f'>5</span></b> <b><span style='color:#55f'>|</span></b>     Sending(b1),\n  <b><span style='color:#55f'>|</span></b>             <b><span style='color:#f55'>^^</span></b> <b><span style='color:#f55'>not found in this scope</span></b>\n  <b><span style='color:#55f'>|</span></b>\n<b><span style='color:#5ff'>help</span></b>: consider importing this type alias\n  <b><span style='color:#55f'>|</span></b>\n<b><span style='color:#55f'>1</span></b> <span style='color:#5f5'>+ use rhdl::prelude::b1;</span>\n  <b><span style='color:#55f'>|</span></b>\n\n<b>For more information about this error, try `rustc --explain E0412`.</b>\n<b><span style='color:var(--red,#a00)'>error</span></b><b>:</b> could not compile `digital` (lib) due to 3 previous errors\n<b><span style='color:var(--yellow,#a60)'>warning</span></b><b>:</b> build failed, waiting for other jobs to finish...\n<b><span style='color:var(--red,#a00)'>error</span></b><b>:</b> could not compile `digital` (lib test) due to 3 previous errors\n<span style='color:var(--red,#a00)'><b>error</b></span>: command `<b>/Users/samitbasu/.rustup/toolchains/stable-aarch64-apple-darwin/bin/cargo test --no-run --message-format json-render-diagnostics</b>` exited with code <b>101</b>\n</code></pre>"},{"End":"HtmlBlock"}]