[{"Start":"HtmlBlock"},{"Html":"<pre class=\"shell-output\"><span style='color:var(--cyan,#0aa)'>xor ❯</span> <b>cargo build -q</b>\n<span style='color:var(--cyan,#0aa)'>xor ❯</span> <b>cargo test</b>\n<b><span style='color:var(--green,#0a0)'>   Compiling</span></b> xor v0.1.0 (/private/tmp/rhdl/xor)\n<b><span style='color:#f55'>error[E0433]</span></b><b>: failed to resolve: use of unresolved module or unlinked crate `expect_test`</b>\n <b><span style='color:#55f'>--> </span></b>tests/test_verilog.rs:6:18\n  <b><span style='color:#55f'>|</span></b>\n<b><span style='color:#55f'>6</span></b> <b><span style='color:#55f'>|</span></b>     let expect = expect_test::expect![[r#\"\n  <b><span style='color:#55f'>|</span></b>                  <b><span style='color:#f55'>^^^^^^^^^^^</span></b> <b><span style='color:#f55'>use of unresolved module or unlinked crate `expect_test`</span></b>\n\n<b><span style='color:#f55'>error[E0425]</span></b><b>: cannot find value `XorGate` in this scope</b>\n  <b><span style='color:#55f'>--> </span></b>tests/test_verilog.rs:26:16\n   <b><span style='color:#55f'>|</span></b>\n<b><span style='color:#55f'>26</span></b> <b><span style='color:#55f'>|</span></b>     let gate = XorGate;\n   <b><span style='color:#55f'>|</span></b>                <b><span style='color:#f55'>^^^^^^^</span></b> <b><span style='color:#f55'>not found in this scope</span></b>\n\n<b><span style='color:var(--yellow,#a60)'>warning</span></b><b>: unused import: `xor::*`</b>\n <b><span style='color:#55f'>--> </span></b>tests/test_verilog.rs:2:5\n  <b><span style='color:#55f'>|</span></b>\n<b><span style='color:#55f'>2</span></b> <b><span style='color:#55f'>|</span></b> use xor::*;\n  <b><span style='color:#55f'>|</span></b>     <b><span style='color:var(--yellow,#a60)'>^^^^^^</span></b>\n  <b><span style='color:#55f'>|</span></b>\n  <b><span style='color:#55f'>= </span></b><b>note</b>: `#[warn(unused_imports)]` on by default\n\n<b><span style='color:#f55'>error[E0308]</span></b><b>: mismatched types</b>\n  <b><span style='color:#55f'>--> </span></b>tests/test_verilog.rs:29:5\n   <b><span style='color:#55f'>|</span></b>\n<b><span style='color:#55f'>5</span></b>  <b><span style='color:#55f'>|</span></b> fn test_verilog_output() {\n   <b><span style='color:#55f'>|</span></b>                         <b><span style='color:#55f'>-</span></b> <b><span style='color:#55f'>help: a return type might be missing here: `-> _`</span></b>\n<b><span style='color:#55f'>...</span></b>\n<b><span style='color:#55f'>29</span></b> <b><span style='color:#55f'>|</span></b>     Ok(())\n   <b><span style='color:#55f'>|</span></b>     <b><span style='color:#f55'>^^^^^^</span></b> <b><span style='color:#f55'>expected `()`, found `Result<(), _>`</span></b>\n   <b><span style='color:#55f'>|</span></b>\n   <b><span style='color:#55f'>= </span></b><b>note</b>: expected unit type `<b><span style='color:var(--magenta,#a0a)'>()</span></b>`\n                   found enum `<b><span style='color:var(--magenta,#a0a)'>Result<(), _></span></b>`\n\n<b>Some errors have detailed explanations: E0308, E0425, E0433.</b>\n<b>For more information about an error, try `rustc --explain E0308`.</b>\n<b><span style='color:var(--yellow,#a60)'>warning</span></b><b>:</b> `xor` (test \"test_verilog\") generated 1 warning\n<b><span style='color:var(--red,#a00)'>error</span></b><b>:</b> could not compile `xor` (test \"test_verilog\") due to 3 previous errors; 1 warning emitted\n</pre>"},{"End":"HtmlBlock"}]